<?xml version="1.0" encoding="UTF-8"?>
<!-- Generated by org.testng.reporters.JUnitXMLReporter -->
<testsuite ignored="0" hostname="NLPULTP8105475" failures="0" tests="7" name="all types loans" time="0.044" errors="0" timestamp="2023-07-17T17:59:51 IST">
  <testcase classname="Loans.basics" name="demo" time="0.004"/>
  <testcase classname="Loans.Houseloans" name="calculate" time="0.0"/>
  <testcase classname="Loans.Houseloans" name="intrest" time="0.001"/>
  <testcase classname="Loans.Houseloans" name="login" time="0.001"/>
  <testcase classname="Loans.Carloans" name="calculate" time="0.001"/>
  <testcase classname="Loans.Carloans" name="intrest" time="0.001"/>
  <testcase classname="Loans.Carloans" name="login" time="0.001"/>
</testsuite> <!-- all types loans -->
