<?xml version="1.0" encoding="UTF-8"?>
<!-- Generated by org.testng.reporters.JUnitXMLReporter -->
<testsuite ignored="1" hostname="NLPULTP8105475" failures="0" tests="2" name="bike loan" time="0.01" errors="0" timestamp="2023-07-18T09:45:40 IST">
  <testcase classname="Loans.Bikeloan" name="calculate" time="0.002"/>
  <testcase classname="Loans.Bikeloan" name="intrest" time="0.001"/>
  <testcase classname="Loans.Bikeloan" name="login" time="0.0">
    <ignored/>
  </testcase> <!-- login -->
</testsuite> <!-- bike loan -->
