<?xml version="1.0" encoding="UTF-8"?>
<!-- Generated by org.testng.reporters.JUnitXMLReporter -->
<testsuite ignored="0" hostname="NLPULTP8105475" failures="0" tests="6" name="house and car loans" time="0.077" errors="0" timestamp="2023-07-18T09:45:40 IST">
  <testcase classname="Loans.Houseloans" name="calculate" time="0.009"/>
  <testcase classname="Loans.Houseloans" name="intrest" time="0.001"/>
  <testcase classname="Loans.Houseloans" name="login" time="0.002"/>
  <testcase classname="Loans.Carloans" name="calculate" time="0.003"/>
  <testcase classname="Loans.Carloans" name="intrest" time="0.001"/>
  <testcase classname="Loans.Carloans" name="login" time="0.001"/>
</testsuite> <!-- house and car loans -->
