<?xml version="1.0" encoding="UTF-8"?>
<testng-results ignored="0" total="8" passed="8" failed="0" skipped="0">
  <reporter-output>
  </reporter-output>
  <suite started-at="2023-07-18T09:45:40 IST" name="Loan dept" finished-at="2023-07-18T09:45:40 IST" duration-ms="194">
    <groups>
    </groups>
    <test started-at="2023-07-18T09:45:40 IST" name="house and car loans" finished-at="2023-07-18T09:45:40 IST" duration-ms="77">
      <class name="Loans.Carloans">
        <test-method signature="calculate()[pri:0, instance:Loans.Carloans@f0da945]" started-at="2023-07-18T09:45:40 IST" name="calculate" finished-at="2023-07-18T09:45:40 IST" duration-ms="3" status="PASS">
          <reporter-output>
          </reporter-output>
        </test-method> <!-- calculate -->
        <test-method signature="intrest()[pri:0, instance:Loans.Carloans@f0da945]" started-at="2023-07-18T09:45:40 IST" name="intrest" finished-at="2023-07-18T09:45:40 IST" duration-ms="1" status="PASS">
          <reporter-output>
          </reporter-output>
        </test-method> <!-- intrest -->
        <test-method signature="login()[pri:0, instance:Loans.Carloans@f0da945]" started-at="2023-07-18T09:45:40 IST" name="login" finished-at="2023-07-18T09:45:40 IST" duration-ms="1" status="PASS">
          <reporter-output>
          </reporter-output>
        </test-method> <!-- login -->
      </class> <!-- Loans.Carloans -->
      <class name="Loans.Houseloans">
        <test-method signature="calculate()[pri:0, instance:Loans.Houseloans@434a63ab]" started-at="2023-07-18T09:45:40 IST" name="calculate" finished-at="2023-07-18T09:45:40 IST" duration-ms="9" status="PASS">
          <reporter-output>
          </reporter-output>
        </test-method> <!-- calculate -->
        <test-method signature="intrest()[pri:0, instance:Loans.Houseloans@434a63ab]" started-at="2023-07-18T09:45:40 IST" name="intrest" finished-at="2023-07-18T09:45:40 IST" duration-ms="1" status="PASS">
          <reporter-output>
          </reporter-output>
        </test-method> <!-- intrest -->
        <test-method signature="login()[pri:0, instance:Loans.Houseloans@434a63ab]" started-at="2023-07-18T09:45:40 IST" name="login" finished-at="2023-07-18T09:45:40 IST" duration-ms="2" status="PASS">
          <reporter-output>
          </reporter-output>
        </test-method> <!-- login -->
        <test-method is-config="true" signature="aftertest()[pri:0, instance:Loans.Houseloans@434a63ab]" started-at="2023-07-18T09:45:40 IST" name="aftertest" finished-at="2023-07-18T09:45:40 IST" duration-ms="4" status="PASS">
          <reporter-output>
          </reporter-output>
        </test-method> <!-- aftertest -->
      </class> <!-- Loans.Houseloans -->
    </test> <!-- house and car loans -->
    <test started-at="2023-07-18T09:45:40 IST" name="bike loan" finished-at="2023-07-18T09:45:40 IST" duration-ms="10">
      <class name="Loans.Bikeloan">
        <test-method is-config="true" signature="beforetest()[pri:0, instance:Loans.Bikeloan@5e600dd5]" started-at="2023-07-18T09:45:40 IST" name="beforetest" finished-at="2023-07-18T09:45:40 IST" duration-ms="1" status="PASS">
          <reporter-output>
          </reporter-output>
        </test-method> <!-- beforetest -->
        <test-method signature="calculate()[pri:0, instance:Loans.Bikeloan@5e600dd5]" started-at="2023-07-18T09:45:40 IST" name="calculate" finished-at="2023-07-18T09:45:40 IST" duration-ms="2" status="PASS">
          <reporter-output>
          </reporter-output>
        </test-method> <!-- calculate -->
        <test-method signature="intrest()[pri:0, instance:Loans.Bikeloan@5e600dd5]" started-at="2023-07-18T09:45:40 IST" name="intrest" finished-at="2023-07-18T09:45:40 IST" duration-ms="1" status="PASS">
          <reporter-output>
          </reporter-output>
        </test-method> <!-- intrest -->
      </class> <!-- Loans.Bikeloan -->
    </test> <!-- bike loan -->
  </suite> <!-- Loan dept -->
</testng-results>
