<?xml version="1.0" encoding="UTF-8"?>
<!-- Generated by org.testng.reporters.JUnitXMLReporter -->
<testsuite ignored="0" hostname="NLPULTP8105475" failures="0" tests="3" name="Default test" time="0.622" errors="0" timestamp="2023-09-10T16:24:22 IST">
  <testcase classname="DataDriven.DataDriven.DataProviderLive" name="testdata" time="0.006"/>
  <testcase classname="DataDriven.DataDriven.DataProviderLive" name="testdata" time="0.002"/>
  <testcase classname="DataDriven.DataDriven.DataProviderLive" name="testdata" time="0.001"/>
</testsuite> <!-- Default test -->
