<?xml version="1.0" encoding="UTF-8"?>
<testng-results ignored="0" total="3" passed="3" failed="0" skipped="0">
  <reporter-output>
  </reporter-output>
  <suite started-at="2023-09-10T16:24:21 IST" name="Default suite" finished-at="2023-09-10T16:24:22 IST" duration-ms="622">
    <groups>
    </groups>
    <test started-at="2023-09-10T16:24:21 IST" name="Default test" finished-at="2023-09-10T16:24:22 IST" duration-ms="622">
      <class name="DataDriven.DataDriven.DataProviderLive">
        <test-method signature="testdata(java.lang.String,java.lang.String,java.lang.String)[pri:0, instance:DataDriven.DataDriven.DataProviderLive@660acfb]" started-at="2023-09-10T16:24:22 IST" name="testdata" data-provider="drivedata" finished-at="2023-09-10T16:24:22 IST" duration-ms="6" status="PASS">
          <params>
            <param index="0">
              <value>
                <![CDATA[user1]]>
              </value>
            </param>
            <param index="1">
              <value>
                <![CDATA[pass1]]>
              </value>
            </param>
            <param index="2">
              <value>
                <![CDATA[entry1]]>
              </value>
            </param>
          </params>
          <reporter-output>
          </reporter-output>
        </test-method> <!-- testdata -->
        <test-method signature="testdata(java.lang.String,java.lang.String,java.lang.String)[pri:0, instance:DataDriven.DataDriven.DataProviderLive@660acfb]" started-at="2023-09-10T16:24:22 IST" name="testdata" data-provider="drivedata" finished-at="2023-09-10T16:24:22 IST" duration-ms="2" status="PASS">
          <params>
            <param index="0">
              <value>
                <![CDATA[user2]]>
              </value>
            </param>
            <param index="1">
              <value>
                <![CDATA[pass2]]>
              </value>
            </param>
            <param index="2">
              <value>
                <![CDATA[entry2]]>
              </value>
            </param>
          </params>
          <reporter-output>
          </reporter-output>
        </test-method> <!-- testdata -->
        <test-method signature="testdata(java.lang.String,java.lang.String,java.lang.String)[pri:0, instance:DataDriven.DataDriven.DataProviderLive@660acfb]" started-at="2023-09-10T16:24:22 IST" name="testdata" data-provider="drivedata" finished-at="2023-09-10T16:24:22 IST" duration-ms="1" status="PASS">
          <params>
            <param index="0">
              <value>
                <![CDATA[user3]]>
              </value>
            </param>
            <param index="1">
              <value>
                <![CDATA[pass3]]>
              </value>
            </param>
            <param index="2">
              <value>
                <![CDATA[entry3]]>
              </value>
            </param>
          </params>
          <reporter-output>
          </reporter-output>
        </test-method> <!-- testdata -->
      </class> <!-- DataDriven.DataDriven.DataProviderLive -->
    </test> <!-- Default test -->
  </suite> <!-- Default suite -->
</testng-results>
