<?xml version="1.0" encoding="UTF-8"?>
<testng-results ignored="0" total="1" passed="1" failed="0" skipped="0">
  <reporter-output>
  </reporter-output>
  <suite started-at="2023-08-04T21:46:29 IST" name="Default suite" finished-at="2023-08-04T21:46:36 IST" duration-ms="6808">
    <groups>
    </groups>
    <test started-at="2023-08-04T21:46:29 IST" name="Default test" finished-at="2023-08-04T21:46:36 IST" duration-ms="6808">
      <class name="ExtendReports.Exreports.Exreports">
        <test-method is-config="true" signature="reports()[pri:0, instance:ExtendReports.Exreports.Exreports@69e153c5]" started-at="2023-08-04T21:46:29 IST" name="reports" finished-at="2023-08-04T21:46:29 IST" duration-ms="328" status="PASS">
          <reporter-output>
          </reporter-output>
        </test-method> <!-- reports -->
        <test-method signature="simple_demo()[pri:0, instance:ExtendReports.Exreports.Exreports@69e153c5]" started-at="2023-08-04T21:46:29 IST" name="simple_demo" finished-at="2023-08-04T21:46:36 IST" duration-ms="6445" status="PASS">
          <reporter-output>
          </reporter-output>
        </test-method> <!-- simple_demo -->
      </class> <!-- ExtendReports.Exreports.Exreports -->
    </test> <!-- Default test -->
  </suite> <!-- Default suite -->
</testng-results>
