<?xml version="1.0" encoding="UTF-8"?>
<!-- Generated by org.testng.reporters.JUnitXMLReporter -->
<testsuite ignored="0" hostname="NLPULTP8105475" failures="0" tests="6" name="Default test" time="0.096" errors="0" timestamp="2023-07-23T12:19:06 IST">
  <testcase classname="Bank.SBI" name="account" time="0.009"/>
  <testcase classname="Bank.SBI" name="login" time="0.001"/>
  <testcase classname="Bank.SBI" name="login" time="0.001"/>
  <testcase classname="Bank.SBI" name="login" time="0.002"/>
  <testcase classname="Bank.SBI" name="logout" time="0.001"/>
  <testcase classname="Bank.SBI" name="transfer" time="0.001"/>
</testsuite> <!-- Default test -->
