<?xml version="1.0" encoding="UTF-8"?>
<!-- Generated by org.testng.reporters.JUnitXMLReporter -->
<testsuite ignored="0" hostname="NLPULTP8105475" failures="0" tests="8" name="Payment gateway1" time="0.078" errors="0" timestamp="2023-07-23T12:49:46 IST">
  <testcase classname="Bank.HDFC" name="account" time="0.005"/>
  <testcase classname="Bank.HDFC" name="transfer" time="0.002"/>
  <testcase classname="Bank.SBI" name="account" time="0.002"/>
  <testcase classname="Bank.SBI" name="login" time="0.002"/>
  <testcase classname="Bank.SBI" name="login" time="0.002"/>
  <testcase classname="Bank.SBI" name="login" time="0.002"/>
  <testcase classname="Bank.SBI" name="logout" time="0.003"/>
  <testcase classname="Bank.SBI" name="transfer" time="0.002"/>
</testsuite> <!-- Payment gateway1 -->
