<?xml version="1.0" encoding="UTF-8"?>
<!-- Generated by org.testng.reporters.JUnitXMLReporter -->
<testsuite ignored="9" hostname="NLPULTP8105475" failures="0" tests="4" name="payment gateway" time="0.072" errors="0" timestamp="2023-07-23T12:53:10 IST">
  <testcase classname="Bank.Kotak" name="transfer" time="0.008"/>
  <testcase classname="Bank.SBI" name="transfer" time="0.002"/>
  <testcase classname="Bank.HDFC" name="transfer" time="0.001"/>
  <testcase classname="Bank.ICICI" name="transfer" time="0.001"/>
  <testcase classname="Bank.Kotak" name="logout" time="0.0">
    <ignored/>
  </testcase> <!-- logout -->
  <testcase classname="Bank.ICICI" name="login" time="0.0">
    <ignored/>
  </testcase> <!-- login -->
  <testcase classname="Bank.SBI" name="account" time="0.0">
    <ignored/>
  </testcase> <!-- account -->
  <testcase classname="Bank.HDFC" name="account" time="0.0">
    <ignored/>
  </testcase> <!-- account -->
  <testcase classname="Bank.SBI" name="logout" time="0.0">
    <ignored/>
  </testcase> <!-- logout -->
  <testcase classname="Bank.Kotak" name="login" time="0.0">
    <ignored/>
  </testcase> <!-- login -->
  <testcase classname="Bank.SBI" name="login" time="0.0">
    <ignored/>
  </testcase> <!-- login -->
  <testcase classname="Bank.ICICI" name="account" time="0.0">
    <ignored/>
  </testcase> <!-- account -->
  <testcase classname="Bank.Kotak" name="account" time="0.0">
    <ignored/>
  </testcase> <!-- account -->
</testsuite> <!-- payment gateway -->
