<?xml version="1.0" encoding="UTF-8"?>
<!-- Generated by org.testng.reporters.JUnitXMLReporter -->
<testsuite ignored="0" hostname="NLPULTP8105475" failures="0" tests="7" name="Payment gateway2" time="0.031" errors="0" timestamp="2023-07-23T12:49:46 IST">
  <testcase classname="Bank.ICICI" name="account" time="0.001"/>
  <testcase classname="Bank.ICICI" name="login" time="0.002"/>
  <testcase classname="Bank.ICICI" name="transfer" time="0.003"/>
  <testcase classname="Bank.Kotak" name="account" time="0.001"/>
  <testcase classname="Bank.Kotak" name="login" time="0.001"/>
  <testcase classname="Bank.Kotak" name="logout" time="0.002"/>
  <testcase classname="Bank.Kotak" name="transfer" time="0.001"/>
</testsuite> <!-- Payment gateway2 -->
